{"/Users/camilanamor/Documents/GitHub/searchland-test/apps/backend/src/db.ts": {"path":"/Users/camilanamor/Documents/GitHub/searchland-test/apps/backend/src/db.ts","statementMap":{"0":{"start":{"line":1,"column":0},"end":{"line":1,"column":50}},"1":{"start":{"line":2,"column":0},"end":{"line":2,"column":59}},"2":{"start":{"line":3,"column":0},"end":{"line":3,"column":32}},"3":{"start":{"line":4,"column":0},"end":{"line":4,"column":28}},"4":{"start":{"line":6,"column":0},"end":{"line":6,"column":16}},"5":{"start":{"line":8,"column":25},"end":{"line":8,"column":49}},"6":{"start":{"line":10,"column":0},"end":{"line":12,"column":1}},"7":{"start":{"line":11,"column":2},"end":{"line":11,"column":49}},"8":{"start":{"line":14,"column":24},"end":{"line":14,"column":62}},"9":{"start":{"line":15,"column":0},"end":{"line":15,"column":67}},"10":{"start":{"line":17,"column":20},"end":{"line":17,"column":46}},"11":{"start":{"line":18,"column":13},"end":{"line":18,"column":39}}},"fnMap":{},"branchMap":{"0":{"loc":{"start":{"line":10,"column":0},"end":{"line":12,"column":1}},"type":"if","locations":[{"start":{"line":10,"column":0},"end":{"line":12,"column":1}}]}},"s":{"0":1,"1":1,"2":1,"3":1,"4":1,"5":1,"6":1,"7":0,"8":1,"9":1,"10":1,"11":1},"f":{},"b":{"0":[0]}}
,"/Users/camilanamor/Documents/GitHub/searchland-test/apps/backend/src/schema.ts": {"path":"/Users/camilanamor/Documents/GitHub/searchland-test/apps/backend/src/schema.ts","statementMap":{"0":{"start":{"line":1,"column":0},"end":{"line":1,"column":71}},"1":{"start":{"line":3,"column":13},"end":{"line":9,"column":3}}},"fnMap":{},"branchMap":{},"s":{"0":1,"1":1},"f":{},"b":{}}
,"/Users/camilanamor/Documents/GitHub/searchland-test/apps/backend/src/services/userService.ts": {"path":"/Users/camilanamor/Documents/GitHub/searchland-test/apps/backend/src/services/userService.ts","statementMap":{"0":{"start":{"line":1,"column":0},"end":{"line":1,"column":24}},"1":{"start":{"line":2,"column":0},"end":{"line":2,"column":38}},"2":{"start":{"line":4,"column":0},"end":{"line":4,"column":27}},"3":{"start":{"line":5,"column":0},"end":{"line":5,"column":34}},"4":{"start":{"line":8,"column":19},"end":{"line":11,"column":2}},"5":{"start":{"line":13,"column":25},"end":{"line":17,"column":2}},"6":{"start":{"line":19,"column":13},"end":{"line":88,"column":2}},"7":{"start":{"line":21,"column":28},"end":{"line":21,"column":36}},"8":{"start":{"line":22,"column":27},"end":{"line":30,"column":18}},"9":{"start":{"line":31,"column":4},"end":{"line":31,"column":18}},"10":{"start":{"line":34,"column":19},"end":{"line":34,"column":40}},"11":{"start":{"line":36,"column":20},"end":{"line":41,"column":16}},"12":{"start":{"line":43,"column":29},"end":{"line":46,"column":16}},"13":{"start":{"line":48,"column":23},"end":{"line":48,"column":48}},"14":{"start":{"line":50,"column":4},"end":{"line":53,"column":6}},"15":{"start":{"line":56,"column":19},"end":{"line":60,"column":16}},"16":{"start":{"line":61,"column":4},"end":{"line":61,"column":53}},"17":{"start":{"line":67,"column":28},"end":{"line":67,"column":36}},"18":{"start":{"line":72,"column":9},"end":{"line":74,"column":6}},"19":{"start":{"line":75,"column":4},"end":{"line":75,"column":39}},"20":{"start":{"line":75,"column":14},"end":{"line":75,"column":39}},"21":{"start":{"line":76,"column":4},"end":{"line":76,"column":42}},"22":{"start":{"line":76,"column":15},"end":{"line":76,"column":42}},"23":{"start":{"line":77,"column":19},"end":{"line":81,"column":18}},"24":{"start":{"line":82,"column":4},"end":{"line":82,"column":18}},"25":{"start":{"line":85,"column":19},"end":{"line":85,"column":77}},"26":{"start":{"line":86,"column":4},"end":{"line":86,"column":18}}},"fnMap":{"0":{"name":"(anonymous_0)","decl":{"start":{"line":20,"column":14},"end":{"line":20,"column":19}},"loc":{"start":{"line":20,"column":61},"end":{"line":32,"column":3}}},"1":{"name":"(anonymous_1)","decl":{"start":{"line":33,"column":12},"end":{"line":33,"column":17}},"loc":{"start":{"line":33,"column":53},"end":{"line":54,"column":3}}},"2":{"name":"(anonymous_2)","decl":{"start":{"line":55,"column":15},"end":{"line":55,"column":20}},"loc":{"start":{"line":55,"column":36},"end":{"line":62,"column":3}}},"3":{"name":"(anonymous_3)","decl":{"start":{"line":63,"column":14},"end":{"line":63,"column":19}},"loc":{"start":{"line":66,"column":6},"end":{"line":83,"column":3}}},"4":{"name":"(anonymous_4)","decl":{"start":{"line":84,"column":14},"end":{"line":84,"column":19}},"loc":{"start":{"line":84,"column":35},"end":{"line":87,"column":3}}}},"branchMap":{"0":{"loc":{"start":{"line":61,"column":11},"end":{"line":61,"column":52}},"type":"cond-expr","locations":[{"start":{"line":61,"column":31},"end":{"line":61,"column":40}},{"start":{"line":61,"column":43},"end":{"line":61,"column":52}}]},"1":{"loc":{"start":{"line":75,"column":4},"end":{"line":75,"column":39}},"type":"if","locations":[{"start":{"line":75,"column":4},"end":{"line":75,"column":39}}]},"2":{"loc":{"start":{"line":76,"column":4},"end":{"line":76,"column":42}},"type":"if","locations":[{"start":{"line":76,"column":4},"end":{"line":76,"column":42}}]}},"s":{"0":1,"1":1,"2":1,"3":1,"4":1,"5":1,"6":1,"7":1,"8":1,"9":1,"10":1,"11":1,"12":1,"13":1,"14":1,"15":2,"16":2,"17":1,"18":1,"19":1,"20":1,"21":1,"22":1,"23":1,"24":1,"25":1,"26":1},"f":{"0":1,"1":1,"2":2,"3":1,"4":1},"b":{"0":[1,1],"1":[1],"2":[1]}}
}
