TN:
SF:src/db.ts
FNF:0
FNH:0
DA:1,1
DA:2,1
DA:3,1
DA:4,1
DA:6,1
DA:8,1
DA:10,1
DA:11,0
DA:14,1
DA:15,1
DA:17,1
DA:18,1
LF:12
LH:11
BRDA:10,0,0,0
BRF:1
BRH:0
end_of_record
TN:
SF:src/schema.ts
FNF:0
FNH:0
DA:1,1
DA:3,1
LF:2
LH:2
BRF:0
BRH:0
end_of_record
TN:
SF:src/services/userService.ts
FN:20,(anonymous_0)
FN:33,(anonymous_1)
FN:55,(anonymous_2)
FN:63,(anonymous_3)
FN:84,(anonymous_4)
FNF:5
FNH:5
FNDA:1,(anonymous_0)
FNDA:1,(anonymous_1)
FNDA:2,(anonymous_2)
FNDA:1,(anonymous_3)
FNDA:1,(anonymous_4)
DA:1,1
DA:2,1
DA:4,1
DA:5,1
DA:8,1
DA:13,1
DA:19,1
DA:21,1
DA:22,1
DA:31,1
DA:34,1
DA:36,1
DA:43,1
DA:48,1
DA:50,1
DA:56,2
DA:61,2
DA:67,1
DA:72,1
DA:75,1
DA:76,1
DA:77,1
DA:82,1
DA:85,1
DA:86,1
LF:25
LH:25
BRDA:61,0,0,1
BRDA:61,0,1,1
BRDA:75,1,0,1
BRDA:76,2,0,1
BRF:4
BRH:4
end_of_record
